0 verbose cli /usr/local/bin/node /usr/local/bin/npm
1 info using npm@10.9.2
2 info using node@v21.7.3
3 silly config load:file:/usr/local/lib/node_modules/npm/npmrc
4 silly config load:file:/home/container/.npmrc
5 silly config load:file:/usr/local/etc/npmrc
6 verbose title npm install
7 verbose argv "install"
8 verbose logfile logs-max:10 dir:/home/container/.npm/_logs/2025-05-16T18_22_50_139Z-
9 verbose logfile /home/container/.npm/_logs/2025-05-16T18_22_50_139Z-debug-0.log
10 silly logfile start cleaning logs, removing 1 files
11 silly packumentCache heap:307232768 maxSize:76808192 maxEntrySize:38404096
12 silly logfile done cleaning log files
13 silly idealTree buildDeps
14 silly reify moves {}
15 silly audit bulk request {
15 silly audit   '@discordjs/builders': [ '1.11.2' ],
15 silly audit   '@discordjs/collection': [ '1.5.3', '2.1.1' ],
15 silly audit   '@discordjs/formatters': [ '0.6.1' ],
15 silly audit   '@discordjs/rest': [ '2.5.0' ],
15 silly audit   '@discordjs/util': [ '1.1.1' ],
15 silly audit   '@discordjs/ws': [ '1.2.2' ],
15 silly audit   '@sapphire/async-queue': [ '1.5.5' ],
15 silly audit   '@sapphire/shapeshift': [ '4.0.0' ],
15 silly audit   '@sapphire/snowflake': [ '3.5.3' ],
15 silly audit   '@types/node': [ '22.15.18' ],
15 silly audit   '@types/ws': [ '8.18.1' ],
15 silly audit   '@vladfrangu/async_event_emitter': [ '2.4.6' ],
15 silly audit   asynckit: [ '0.4.0' ],
15 silly audit   axios: [ '1.9.0' ],
15 silly audit   'call-bind-apply-helpers': [ '1.0.2' ],
15 silly audit   'combined-stream': [ '1.0.8' ],
15 silly audit   'delayed-stream': [ '1.0.0' ],
15 silly audit   'discord-api-types': [ '0.38.5' ],
15 silly audit   'discord.js': [ '14.19.3' ],
15 silly audit   'dunder-proto': [ '1.0.1' ],
15 silly audit   'es-define-property': [ '1.0.1' ],
15 silly audit   'es-errors': [ '1.3.0' ],
15 silly audit   'es-object-atoms': [ '1.1.1' ],
15 silly audit   'es-set-tostringtag': [ '2.1.0' ],
15 silly audit   'fast-deep-equal': [ '3.1.3' ],
15 silly audit   'follow-redirects': [ '1.15.9' ],
15 silly audit   'form-data': [ '4.0.2' ],
15 silly audit   'function-bind': [ '1.1.2' ],
15 silly audit   'get-intrinsic': [ '1.3.0' ],
15 silly audit   'get-proto': [ '1.0.1' ],
15 silly audit   gopd: [ '1.2.0' ],
15 silly audit   'has-symbols': [ '1.1.0' ],
15 silly audit   'has-tostringtag': [ '1.0.2' ],
15 silly audit   hasown: [ '2.0.2' ],
15 silly audit   lodash: [ '4.17.21' ],
15 silly audit   'lodash.snakecase': [ '4.1.1' ],
15 silly audit   'magic-bytes.js': [ '1.12.1' ],
15 silly audit   'math-intrinsics': [ '1.1.0' ],
15 silly audit   'mime-db': [ '1.52.0' ],
15 silly audit   'mime-types': [ '2.1.35' ],
15 silly audit   'proxy-from-env': [ '1.1.0' ],
15 silly audit   'ts-mixer': [ '6.0.4' ],
15 silly audit   tslib: [ '2.8.1' ],
15 silly audit   undici: [ '6.21.1' ],
15 silly audit   'undici-types': [ '6.21.0' ],
15 silly audit   ws: [ '8.18.2' ]
15 silly audit }
16 http fetch POST 200 https://registry.npmjs.org/-/npm/v1/security/advisories/bulk 614ms
17 silly audit report {
17 silly audit report   undici: [
17 silly audit report     {
17 silly audit report       id: 1104500,
17 silly audit report       url: 'https://github.com/advisories/GHSA-cxrh-j4jr-qwg3',
17 silly audit report       title: 'undici Denial of Service attack via bad certificate data',
17 silly audit report       severity: 'low',
17 silly audit report       vulnerable_versions: '>=6.0.0 <6.21.2',
17 silly audit report       cwe: [Array],
17 silly audit report       cvss: [Object]
17 silly audit report     }
17 silly audit report   ]
17 silly audit report }
18 silly packumentCache corgi:https://registry.npmjs.org/undici cache-miss
19 http cache https://registry.npmjs.org/undici 28ms (cache hit)
20 silly packumentCache corgi:https://registry.npmjs.org/undici set size:386708 disposed:false
21 silly packumentCache corgi:https://registry.npmjs.org/@discordjs%2frest cache-miss
22 silly packumentCache corgi:https://registry.npmjs.org/discord.js cache-miss
23 http cache https://registry.npmjs.org/@discordjs%2frest 30ms (cache hit)
24 silly packumentCache corgi:https://registry.npmjs.org/@discordjs%2frest set size:2577013 disposed:false
25 http cache https://registry.npmjs.org/discord.js 399ms (cache hit)
26 silly packumentCache corgi:https://registry.npmjs.org/discord.js set size:3659594 disposed:false
27 silly packumentCache corgi:https://registry.npmjs.org/@discordjs%2fws cache-miss
28 http cache https://registry.npmjs.org/@discordjs%2fws 396ms (cache hit)
29 silly packumentCache corgi:https://registry.npmjs.org/@discordjs%2fws set size:2389533 disposed:false
30 verbose cwd /home/container
31 verbose os Linux 5.15.0-131-generic
32 verbose node v21.7.3
33 verbose npm  v10.9.2
34 verbose exit 0
35 info ok
