0 verbose cli /usr/local/bin/node /usr/local/bin/npm
1 info using npm@10.9.2
2 info using node@v21.7.3
3 silly config load:file:/usr/local/lib/node_modules/npm/npmrc
4 silly config load:file:/home/container/.npmrc
5 silly config load:file:/usr/local/etc/npmrc
6 verbose title npm install discord.js axios
7 verbose argv "install" "discord.js" "axios"
8 verbose logfile logs-max:10 dir:/home/container/.npm/_logs/2025-05-16T18_17_06_200Z-
9 verbose logfile /home/container/.npm/_logs/2025-05-16T18_17_06_200Z-debug-0.log
10 silly logfile done cleaning log files
11 silly packumentCache heap:307232768 maxSize:76808192 maxEntrySize:38404096
12 silly idealTree buildDeps
13 silly fetch manifest axios@^1.9.0
14 silly packumentCache full:https://registry.npmjs.org/axios cache-miss
15 http fetch GET 200 https://registry.npmjs.org/axios 443ms (cache revalidated)
16 silly packumentCache full:https://registry.npmjs.org/axios set size:660188 disposed:false
17 silly fetch manifest discord.js@^14.19.3
18 silly packumentCache full:https://registry.npmjs.org/discord.js cache-miss
19 http fetch GET 200 https://registry.npmjs.org/discord.js 110ms (cache revalidated)
20 silly packumentCache full:https://registry.npmjs.org/discord.js set size:7710541 disposed:false
21 silly placeDep ROOT axios@1.9.0 REPLACE for:  want: ^1.9.0
22 silly placeDep ROOT discord.js@14.19.3 REPLACE for:  want: ^14.19.3
23 silly reify moves {}
24 silly audit bulk request {
24 silly audit   '@discordjs/builders': [ '1.11.2' ],
24 silly audit   '@discordjs/collection': [ '1.5.3', '2.1.1' ],
24 silly audit   '@discordjs/formatters': [ '0.6.1' ],
24 silly audit   '@discordjs/rest': [ '2.5.0' ],
24 silly audit   '@discordjs/util': [ '1.1.1' ],
24 silly audit   '@discordjs/ws': [ '1.2.2' ],
24 silly audit   '@sapphire/async-queue': [ '1.5.5' ],
24 silly audit   '@sapphire/shapeshift': [ '4.0.0' ],
24 silly audit   '@sapphire/snowflake': [ '3.5.3' ],
24 silly audit   '@types/node': [ '22.15.18' ],
24 silly audit   '@types/ws': [ '8.18.1' ],
24 silly audit   '@vladfrangu/async_event_emitter': [ '2.4.6' ],
24 silly audit   asynckit: [ '0.4.0' ],
24 silly audit   'call-bind-apply-helpers': [ '1.0.2' ],
24 silly audit   'combined-stream': [ '1.0.8' ],
24 silly audit   'delayed-stream': [ '1.0.0' ],
24 silly audit   'discord-api-types': [ '0.38.5' ],
24 silly audit   'dunder-proto': [ '1.0.1' ],
24 silly audit   'es-define-property': [ '1.0.1' ],
24 silly audit   'es-errors': [ '1.3.0' ],
24 silly audit   'es-object-atoms': [ '1.1.1' ],
24 silly audit   'es-set-tostringtag': [ '2.1.0' ],
24 silly audit   'fast-deep-equal': [ '3.1.3' ],
24 silly audit   'follow-redirects': [ '1.15.9' ],
24 silly audit   'form-data': [ '4.0.2' ],
24 silly audit   'function-bind': [ '1.1.2' ],
24 silly audit   'get-intrinsic': [ '1.3.0' ],
24 silly audit   'get-proto': [ '1.0.1' ],
24 silly audit   gopd: [ '1.2.0' ],
24 silly audit   'has-symbols': [ '1.1.0' ],
24 silly audit   'has-tostringtag': [ '1.0.2' ],
24 silly audit   hasown: [ '2.0.2' ],
24 silly audit   lodash: [ '4.17.21' ],
24 silly audit   'lodash.snakecase': [ '4.1.1' ],
24 silly audit   'magic-bytes.js': [ '1.12.1' ],
24 silly audit   'math-intrinsics': [ '1.1.0' ],
24 silly audit   'mime-db': [ '1.52.0' ],
24 silly audit   'mime-types': [ '2.1.35' ],
24 silly audit   'proxy-from-env': [ '1.1.0' ],
24 silly audit   'ts-mixer': [ '6.0.4' ],
24 silly audit   tslib: [ '2.8.1' ],
24 silly audit   undici: [ '6.21.1' ],
24 silly audit   'undici-types': [ '6.21.0' ],
24 silly audit   ws: [ '8.18.2' ],
24 silly audit   axios: [ '1.9.0' ],
24 silly audit   'discord.js': [ '14.19.3' ]
24 silly audit }
25 http fetch POST 200 https://registry.npmjs.org/-/npm/v1/security/advisories/bulk 233ms
26 silly audit report {
26 silly audit report   undici: [
26 silly audit report     {
26 silly audit report       id: 1104500,
26 silly audit report       url: 'https://github.com/advisories/GHSA-cxrh-j4jr-qwg3',
26 silly audit report       title: 'undici Denial of Service attack via bad certificate data',
26 silly audit report       severity: 'low',
26 silly audit report       vulnerable_versions: '>=6.0.0 <6.21.2',
26 silly audit report       cwe: [Array],
26 silly audit report       cvss: [Object]
26 silly audit report     }
26 silly audit report   ]
26 silly audit report }
27 silly packumentCache corgi:https://registry.npmjs.org/undici cache-miss
28 http fetch GET 200 https://registry.npmjs.org/undici 42ms (cache revalidated)
29 silly packumentCache corgi:https://registry.npmjs.org/undici set size:386708 disposed:false
30 silly packumentCache corgi:https://registry.npmjs.org/@discordjs%2frest cache-miss
31 silly packumentCache corgi:https://registry.npmjs.org/discord.js cache-miss
32 http fetch GET 200 https://registry.npmjs.org/discord.js 104ms (cache revalidated)
33 silly packumentCache corgi:https://registry.npmjs.org/discord.js set size:3659594 disposed:false
34 http fetch GET 200 https://registry.npmjs.org/@discordjs%2frest 499ms (cache revalidated)
35 silly packumentCache corgi:https://registry.npmjs.org/@discordjs%2frest set size:2577013 disposed:false
36 silly packumentCache corgi:https://registry.npmjs.org/@discordjs%2fws cache-miss
37 http fetch GET 200 https://registry.npmjs.org/@discordjs%2fws 153ms (cache revalidated)
38 silly packumentCache corgi:https://registry.npmjs.org/@discordjs%2fws set size:2389533 disposed:false
39 verbose cwd /home/container
40 verbose os Linux 5.15.0-131-generic
41 verbose node v21.7.3
42 verbose npm  v10.9.2
43 verbose exit 0
44 info ok
