0 verbose cli /usr/local/bin/node /usr/local/bin/npm
1 info using npm@10.9.2
2 info using node@v21.7.3
3 silly config load:file:/usr/local/lib/node_modules/npm/npmrc
4 silly config load:file:/home/container/.npmrc
5 silly config load:file:/usr/local/etc/npmrc
6 verbose title npm install discord.js axios
7 verbose argv "install" "discord.js" "axios"
8 verbose logfile logs-max:10 dir:/home/container/.npm/_logs/2025-05-17T07_48_18_516Z-
9 verbose logfile /home/container/.npm/_logs/2025-05-17T07_48_18_516Z-debug-0.log
10 silly logfile start cleaning logs, removing 1 files
11 silly packumentCache heap:307232768 maxSize:76808192 maxEntrySize:38404096
12 silly logfile done cleaning log files
13 silly idealTree buildDeps
14 silly fetch manifest axios@^1.9.0
15 silly packumentCache full:https://registry.npmjs.org/axios cache-miss
16 http fetch GET 200 https://registry.npmjs.org/axios 352ms (cache revalidated)
17 silly packumentCache full:https://registry.npmjs.org/axios set size:660188 disposed:false
18 silly fetch manifest discord.js@^14.19.3
19 silly packumentCache full:https://registry.npmjs.org/discord.js cache-miss
20 http fetch GET 200 https://registry.npmjs.org/discord.js 99ms (cache revalidated)
21 silly packumentCache full:https://registry.npmjs.org/discord.js set size:7710541 disposed:false
22 silly placeDep ROOT axios@1.9.0 REPLACE for:  want: ^1.9.0
23 silly placeDep ROOT discord.js@14.19.3 REPLACE for:  want: ^14.19.3
24 silly reify moves {}
25 silly audit bulk request {
25 silly audit   '@discordjs/builders': [ '1.11.2' ],
25 silly audit   '@discordjs/collection': [ '1.5.3', '2.1.1' ],
25 silly audit   '@discordjs/formatters': [ '0.6.1' ],
25 silly audit   '@discordjs/rest': [ '2.5.0' ],
25 silly audit   '@discordjs/util': [ '1.1.1' ],
25 silly audit   '@discordjs/ws': [ '1.2.2' ],
25 silly audit   '@sapphire/async-queue': [ '1.5.5' ],
25 silly audit   '@sapphire/shapeshift': [ '4.0.0' ],
25 silly audit   '@sapphire/snowflake': [ '3.5.3' ],
25 silly audit   '@types/node': [ '22.15.18' ],
25 silly audit   '@types/ws': [ '8.18.1' ],
25 silly audit   '@vladfrangu/async_event_emitter': [ '2.4.6' ],
25 silly audit   asynckit: [ '0.4.0' ],
25 silly audit   'call-bind-apply-helpers': [ '1.0.2' ],
25 silly audit   'combined-stream': [ '1.0.8' ],
25 silly audit   'delayed-stream': [ '1.0.0' ],
25 silly audit   'discord-api-types': [ '0.38.5' ],
25 silly audit   'dunder-proto': [ '1.0.1' ],
25 silly audit   'es-define-property': [ '1.0.1' ],
25 silly audit   'es-errors': [ '1.3.0' ],
25 silly audit   'es-object-atoms': [ '1.1.1' ],
25 silly audit   'es-set-tostringtag': [ '2.1.0' ],
25 silly audit   'fast-deep-equal': [ '3.1.3' ],
25 silly audit   'follow-redirects': [ '1.15.9' ],
25 silly audit   'form-data': [ '4.0.2' ],
25 silly audit   'function-bind': [ '1.1.2' ],
25 silly audit   'get-intrinsic': [ '1.3.0' ],
25 silly audit   'get-proto': [ '1.0.1' ],
25 silly audit   gopd: [ '1.2.0' ],
25 silly audit   'has-symbols': [ '1.1.0' ],
25 silly audit   'has-tostringtag': [ '1.0.2' ],
25 silly audit   hasown: [ '2.0.2' ],
25 silly audit   lodash: [ '4.17.21' ],
25 silly audit   'lodash.snakecase': [ '4.1.1' ],
25 silly audit   'magic-bytes.js': [ '1.12.1' ],
25 silly audit   'math-intrinsics': [ '1.1.0' ],
25 silly audit   'mime-db': [ '1.52.0' ],
25 silly audit   'mime-types': [ '2.1.35' ],
25 silly audit   'proxy-from-env': [ '1.1.0' ],
25 silly audit   'ts-mixer': [ '6.0.4' ],
25 silly audit   tslib: [ '2.8.1' ],
25 silly audit   undici: [ '6.21.1' ],
25 silly audit   'undici-types': [ '6.21.0' ],
25 silly audit   ws: [ '8.18.2' ],
25 silly audit   axios: [ '1.9.0' ],
25 silly audit   'discord.js': [ '14.19.3' ]
25 silly audit }
26 http fetch POST 200 https://registry.npmjs.org/-/npm/v1/security/advisories/bulk 225ms
27 silly audit report {
27 silly audit report   undici: [
27 silly audit report     {
27 silly audit report       id: 1104500,
27 silly audit report       url: 'https://github.com/advisories/GHSA-cxrh-j4jr-qwg3',
27 silly audit report       title: 'undici Denial of Service attack via bad certificate data',
27 silly audit report       severity: 'low',
27 silly audit report       vulnerable_versions: '>=6.0.0 <6.21.2',
27 silly audit report       cwe: [Array],
27 silly audit report       cvss: [Object]
27 silly audit report     }
27 silly audit report   ]
27 silly audit report }
28 silly packumentCache corgi:https://registry.npmjs.org/undici cache-miss
29 http fetch GET 200 https://registry.npmjs.org/undici 675ms (cache revalidated)
30 silly packumentCache corgi:https://registry.npmjs.org/undici set size:386708 disposed:false
31 silly packumentCache corgi:https://registry.npmjs.org/@discordjs%2frest cache-miss
32 silly packumentCache corgi:https://registry.npmjs.org/discord.js cache-miss
33 http fetch GET 200 https://registry.npmjs.org/@discordjs%2frest 76ms (cache revalidated)
34 silly packumentCache corgi:https://registry.npmjs.org/@discordjs%2frest set size:2577013 disposed:false
35 http fetch GET 200 https://registry.npmjs.org/discord.js 372ms (cache revalidated)
36 silly packumentCache corgi:https://registry.npmjs.org/discord.js set size:3659594 disposed:false
37 silly packumentCache corgi:https://registry.npmjs.org/@discordjs%2fws cache-miss
38 http fetch GET 200 https://registry.npmjs.org/@discordjs%2fws 196ms (cache revalidated)
39 silly packumentCache corgi:https://registry.npmjs.org/@discordjs%2fws set size:2389533 disposed:false
40 verbose cwd /home/container
41 verbose os Linux 5.15.0-131-generic
42 verbose node v21.7.3
43 verbose npm  v10.9.2
44 verbose exit 0
45 info ok
